{"C:\\Users\\Lord Feexz\\Desktop\\phase 3\\Hackpark\\servers\\user\\app.js": {"path":"C:\\Users\\Lord Feexz\\Desktop\\phase 3\\Hackpark\\servers\\user\\app.js","statementMap":{"0":{"start":{"line":1,"column":0},"end":{"line":1,"column":70}},"1":{"start":{"line":1,"column":43},"end":{"line":1,"column":70}},"2":{"start":{"line":2,"column":16},"end":{"line":2,"column":34}},"3":{"start":{"line":3,"column":21},"end":{"line":3,"column":58}},"4":{"start":{"line":4,"column":12},"end":{"line":4,"column":21}},"5":{"start":{"line":5,"column":15},"end":{"line":5,"column":41}},"6":{"start":{"line":6,"column":13},"end":{"line":6,"column":28}},"7":{"start":{"line":8,"column":0},"end":{"line":8,"column":16}},"8":{"start":{"line":10,"column":0},"end":{"line":10,"column":24}},"9":{"start":{"line":12,"column":0},"end":{"line":12,"column":48}},"10":{"start":{"line":14,"column":0},"end":{"line":14,"column":16}},"11":{"start":{"line":16,"column":0},"end":{"line":16,"column":22}},"12":{"start":{"line":18,"column":0},"end":{"line":18,"column":21}}},"fnMap":{},"branchMap":{"0":{"loc":{"start":{"line":1,"column":0},"end":{"line":1,"column":70}},"type":"if","locations":[{"start":{"line":1,"column":0},"end":{"line":1,"column":70}},{"start":{},"end":{}}],"line":1}},"s":{"0":3,"1":3,"2":3,"3":3,"4":3,"5":3,"6":3,"7":3,"8":3,"9":3,"10":3,"11":3,"12":3},"f":{},"b":{"0":[3,0]},"_coverageSchema":"1a1c01bbd47fc00a2c39e90264f33305004495a9","hash":"ade5163644628109e3694e2aa522d52ecb243111"}
,"C:\\Users\\Lord Feexz\\Desktop\\phase 3\\Hackpark\\servers\\user\\controllers\\authController.js": {"path":"C:\\Users\\Lord Feexz\\Desktop\\phase 3\\Hackpark\\servers\\user\\controllers\\authController.js","statementMap":{"0":{"start":{"line":1,"column":20},"end":{"line":1,"column":48}},"1":{"start":{"line":2,"column":12},"end":{"line":2,"column":37}},"2":{"start":{"line":3,"column":24},"end":{"line":3,"column":49}},"3":{"start":{"line":4,"column":17},"end":{"line":4,"column":37}},"4":{"start":{"line":5,"column":14},"end":{"line":5,"column":30}},"5":{"start":{"line":9,"column":4},"end":{"line":38,"column":5}},"6":{"start":{"line":10,"column":34},"end":{"line":10,"column":42}},"7":{"start":{"line":12,"column":19},"end":{"line":14,"column":8}},"8":{"start":{"line":16,"column":6},"end":{"line":16,"column":55}},"9":{"start":{"line":16,"column":17},"end":{"line":16,"column":55}},"10":{"start":{"line":18,"column":23},"end":{"line":18,"column":55}},"11":{"start":{"line":20,"column":6},"end":{"line":20,"column":59}},"12":{"start":{"line":20,"column":21},"end":{"line":20,"column":59}},"13":{"start":{"line":22,"column":22},"end":{"line":26,"column":7}},"14":{"start":{"line":28,"column":27},"end":{"line":28,"column":47}},"15":{"start":{"line":30,"column":6},"end":{"line":35,"column":9}},"16":{"start":{"line":37,"column":6},"end":{"line":37,"column":16}},"17":{"start":{"line":42,"column":4},"end":{"line":97,"column":5}},"18":{"start":{"line":43,"column":54},"end":{"line":43,"column":62}},"19":{"start":{"line":45,"column":20},"end":{"line":52,"column":8}},"20":{"start":{"line":54,"column":6},"end":{"line":94,"column":7}},"21":{"start":{"line":55,"column":8},"end":{"line":55,"column":40}},"22":{"start":{"line":56,"column":13},"end":{"line":94,"column":7}},"23":{"start":{"line":57,"column":27},"end":{"line":57,"column":48}},"24":{"start":{"line":59,"column":28},"end":{"line":69,"column":10}},"25":{"start":{"line":71,"column":27},"end":{"line":76,"column":9}},"26":{"start":{"line":78,"column":8},"end":{"line":84,"column":11}},"27":{"start":{"line":79,"column":10},"end":{"line":83,"column":11}},"28":{"start":{"line":80,"column":12},"end":{"line":80,"column":36}},"29":{"start":{"line":82,"column":12},"end":{"line":82,"column":42}},"30":{"start":{"line":86,"column":8},"end":{"line":91,"column":11}},"31":{"start":{"line":93,"column":8},"end":{"line":93,"column":62}},"32":{"start":{"line":96,"column":6},"end":{"line":96,"column":16}},"33":{"start":{"line":100,"column":0},"end":{"line":100,"column":28}}},"fnMap":{"0":{"name":"(anonymous_0)","decl":{"start":{"line":8,"column":2},"end":{"line":8,"column":3}},"loc":{"start":{"line":8,"column":37},"end":{"line":39,"column":3}},"line":8},"1":{"name":"(anonymous_1)","decl":{"start":{"line":41,"column":2},"end":{"line":41,"column":3}},"loc":{"start":{"line":41,"column":40},"end":{"line":98,"column":3}},"line":41},"2":{"name":"(anonymous_2)","decl":{"start":{"line":78,"column":41},"end":{"line":78,"column":42}},"loc":{"start":{"line":78,"column":56},"end":{"line":84,"column":9}},"line":78}},"branchMap":{"0":{"loc":{"start":{"line":16,"column":6},"end":{"line":16,"column":55}},"type":"if","locations":[{"start":{"line":16,"column":6},"end":{"line":16,"column":55}},{"start":{},"end":{}}],"line":16},"1":{"loc":{"start":{"line":20,"column":6},"end":{"line":20,"column":59}},"type":"if","locations":[{"start":{"line":20,"column":6},"end":{"line":20,"column":59}},{"start":{},"end":{}}],"line":20},"2":{"loc":{"start":{"line":54,"column":6},"end":{"line":94,"column":7}},"type":"if","locations":[{"start":{"line":54,"column":6},"end":{"line":94,"column":7}},{"start":{"line":56,"column":13},"end":{"line":94,"column":7}}],"line":54},"3":{"loc":{"start":{"line":56,"column":13},"end":{"line":94,"column":7}},"type":"if","locations":[{"start":{"line":56,"column":13},"end":{"line":94,"column":7}},{"start":{},"end":{}}],"line":56},"4":{"loc":{"start":{"line":79,"column":10},"end":{"line":83,"column":11}},"type":"if","locations":[{"start":{"line":79,"column":10},"end":{"line":83,"column":11}},{"start":{"line":81,"column":17},"end":{"line":83,"column":11}}],"line":79}},"s":{"0":3,"1":3,"2":3,"3":3,"4":3,"5":3,"6":3,"7":3,"8":3,"9":3,"10":0,"11":0,"12":0,"13":0,"14":0,"15":0,"16":3,"17":8,"18":8,"19":8,"20":7,"21":7,"22":0,"23":0,"24":0,"25":0,"26":0,"27":0,"28":0,"29":0,"30":0,"31":0,"32":8,"33":3},"f":{"0":3,"1":8,"2":0},"b":{"0":[3,0],"1":[0,0],"2":[7,0],"3":[0,0],"4":[0,0]},"_coverageSchema":"1a1c01bbd47fc00a2c39e90264f33305004495a9","hash":"f4588cb86edc77086ecdeced4a146eb310757c1c"}
,"C:\\Users\\Lord Feexz\\Desktop\\phase 3\\Hackpark\\servers\\user\\controllers\\balanceController.js": {"path":"C:\\Users\\Lord Feexz\\Desktop\\phase 3\\Hackpark\\servers\\user\\controllers\\balanceController.js","statementMap":{"0":{"start":{"line":1,"column":27},"end":{"line":1,"column":47}},"1":{"start":{"line":5,"column":4},"end":{"line":17,"column":5}},"2":{"start":{"line":6,"column":21},"end":{"line":6,"column":29}},"3":{"start":{"line":8,"column":29},"end":{"line":12,"column":8}},"4":{"start":{"line":14,"column":6},"end":{"line":14,"column":43}},"5":{"start":{"line":16,"column":6},"end":{"line":16,"column":16}},"6":{"start":{"line":21,"column":0},"end":{"line":21,"column":28}}},"fnMap":{"0":{"name":"(anonymous_0)","decl":{"start":{"line":4,"column":2},"end":{"line":4,"column":3}},"loc":{"start":{"line":4,"column":42},"end":{"line":18,"column":3}},"line":4}},"branchMap":{},"s":{"0":3,"1":0,"2":0,"3":0,"4":0,"5":0,"6":3},"f":{"0":0},"b":{},"_coverageSchema":"1a1c01bbd47fc00a2c39e90264f33305004495a9","hash":"b3782773400dff2965b9482b752199073b79d0b4"}
,"C:\\Users\\Lord Feexz\\Desktop\\phase 3\\Hackpark\\servers\\user\\controllers\\userController.js": {"path":"C:\\Users\\Lord Feexz\\Desktop\\phase 3\\Hackpark\\servers\\user\\controllers\\userController.js","statementMap":{"0":{"start":{"line":1,"column":42},"end":{"line":1,"column":62}},"1":{"start":{"line":5,"column":4},"end":{"line":13,"column":5}},"2":{"start":{"line":6,"column":20},"end":{"line":8,"column":8}},"3":{"start":{"line":10,"column":6},"end":{"line":10,"column":34}},"4":{"start":{"line":12,"column":6},"end":{"line":12,"column":16}},"5":{"start":{"line":17,"column":4},"end":{"line":30,"column":5}},"6":{"start":{"line":18,"column":21},"end":{"line":18,"column":31}},"7":{"start":{"line":20,"column":19},"end":{"line":23,"column":8}},"8":{"start":{"line":25,"column":6},"end":{"line":25,"column":50}},"9":{"start":{"line":25,"column":17},"end":{"line":25,"column":50}},"10":{"start":{"line":27,"column":6},"end":{"line":27,"column":33}},"11":{"start":{"line":29,"column":6},"end":{"line":29,"column":16}},"12":{"start":{"line":34,"column":4},"end":{"line":48,"column":5}},"13":{"start":{"line":35,"column":21},"end":{"line":35,"column":29}},"14":{"start":{"line":37,"column":19},"end":{"line":39,"column":8}},"15":{"start":{"line":41,"column":6},"end":{"line":41,"column":50}},"16":{"start":{"line":41,"column":17},"end":{"line":41,"column":50}},"17":{"start":{"line":43,"column":6},"end":{"line":43,"column":44}},"18":{"start":{"line":45,"column":6},"end":{"line":45,"column":63}},"19":{"start":{"line":47,"column":6},"end":{"line":47,"column":16}},"20":{"start":{"line":52,"column":4},"end":{"line":68,"column":5}},"21":{"start":{"line":53,"column":21},"end":{"line":53,"column":29}},"22":{"start":{"line":54,"column":27},"end":{"line":54,"column":35}},"23":{"start":{"line":55,"column":19},"end":{"line":57,"column":8}},"24":{"start":{"line":59,"column":6},"end":{"line":59,"column":50}},"25":{"start":{"line":59,"column":17},"end":{"line":59,"column":50}},"26":{"start":{"line":61,"column":6},"end":{"line":61,"column":80}},"27":{"start":{"line":61,"column":38},"end":{"line":61,"column":80}},"28":{"start":{"line":63,"column":6},"end":{"line":63,"column":57}},"29":{"start":{"line":65,"column":6},"end":{"line":65,"column":67}},"30":{"start":{"line":67,"column":6},"end":{"line":67,"column":16}},"31":{"start":{"line":72,"column":4},"end":{"line":93,"column":5}},"32":{"start":{"line":73,"column":21},"end":{"line":73,"column":31}},"33":{"start":{"line":75,"column":19},"end":{"line":77,"column":8}},"34":{"start":{"line":79,"column":6},"end":{"line":79,"column":50}},"35":{"start":{"line":79,"column":17},"end":{"line":79,"column":50}},"36":{"start":{"line":81,"column":25},"end":{"line":81,"column":29}},"37":{"start":{"line":83,"column":6},"end":{"line":90,"column":8}},"38":{"start":{"line":92,"column":6},"end":{"line":92,"column":16}},"39":{"start":{"line":97,"column":4},"end":{"line":107,"column":5}},"40":{"start":{"line":98,"column":21},"end":{"line":98,"column":29}},"41":{"start":{"line":100,"column":25},"end":{"line":100,"column":33}},"42":{"start":{"line":102,"column":6},"end":{"line":102,"column":55}},"43":{"start":{"line":104,"column":6},"end":{"line":104,"column":64}},"44":{"start":{"line":106,"column":6},"end":{"line":106,"column":16}},"45":{"start":{"line":111,"column":0},"end":{"line":111,"column":28}}},"fnMap":{"0":{"name":"(anonymous_0)","decl":{"start":{"line":4,"column":2},"end":{"line":4,"column":3}},"loc":{"start":{"line":4,"column":43},"end":{"line":14,"column":3}},"line":4},"1":{"name":"(anonymous_1)","decl":{"start":{"line":16,"column":2},"end":{"line":16,"column":3}},"loc":{"start":{"line":16,"column":39},"end":{"line":31,"column":3}},"line":16},"2":{"name":"(anonymous_2)","decl":{"start":{"line":33,"column":2},"end":{"line":33,"column":3}},"loc":{"start":{"line":33,"column":38},"end":{"line":49,"column":3}},"line":33},"3":{"name":"(anonymous_3)","decl":{"start":{"line":51,"column":2},"end":{"line":51,"column":3}},"loc":{"start":{"line":51,"column":46},"end":{"line":69,"column":3}},"line":51},"4":{"name":"(anonymous_4)","decl":{"start":{"line":71,"column":2},"end":{"line":71,"column":3}},"loc":{"start":{"line":71,"column":38},"end":{"line":94,"column":3}},"line":71},"5":{"name":"(anonymous_5)","decl":{"start":{"line":96,"column":2},"end":{"line":96,"column":3}},"loc":{"start":{"line":96,"column":41},"end":{"line":108,"column":3}},"line":96}},"branchMap":{"0":{"loc":{"start":{"line":25,"column":6},"end":{"line":25,"column":50}},"type":"if","locations":[{"start":{"line":25,"column":6},"end":{"line":25,"column":50}},{"start":{},"end":{}}],"line":25},"1":{"loc":{"start":{"line":41,"column":6},"end":{"line":41,"column":50}},"type":"if","locations":[{"start":{"line":41,"column":6},"end":{"line":41,"column":50}},{"start":{},"end":{}}],"line":41},"2":{"loc":{"start":{"line":59,"column":6},"end":{"line":59,"column":50}},"type":"if","locations":[{"start":{"line":59,"column":6},"end":{"line":59,"column":50}},{"start":{},"end":{}}],"line":59},"3":{"loc":{"start":{"line":61,"column":6},"end":{"line":61,"column":80}},"type":"if","locations":[{"start":{"line":61,"column":6},"end":{"line":61,"column":80}},{"start":{},"end":{}}],"line":61},"4":{"loc":{"start":{"line":79,"column":6},"end":{"line":79,"column":50}},"type":"if","locations":[{"start":{"line":79,"column":6},"end":{"line":79,"column":50}},{"start":{},"end":{}}],"line":79}},"s":{"0":3,"1":1,"2":1,"3":1,"4":0,"5":0,"6":0,"7":0,"8":0,"9":0,"10":0,"11":0,"12":0,"13":0,"14":0,"15":0,"16":0,"17":0,"18":0,"19":0,"20":0,"21":0,"22":0,"23":0,"24":0,"25":0,"26":0,"27":0,"28":0,"29":0,"30":0,"31":0,"32":0,"33":0,"34":0,"35":0,"36":0,"37":0,"38":0,"39":0,"40":0,"41":0,"42":0,"43":0,"44":0,"45":3},"f":{"0":1,"1":0,"2":0,"3":0,"4":0,"5":0},"b":{"0":[0,0],"1":[0,0],"2":[0,0],"3":[0,0],"4":[0,0]},"_coverageSchema":"1a1c01bbd47fc00a2c39e90264f33305004495a9","hash":"aa8ffe341b3bd1bedf78a748830716022bfd997d"}
,"C:\\Users\\Lord Feexz\\Desktop\\phase 3\\Hackpark\\servers\\user\\helpers\\bcrypt.js": {"path":"C:\\Users\\Lord Feexz\\Desktop\\phase 3\\Hackpark\\servers\\user\\helpers\\bcrypt.js","statementMap":{"0":{"start":{"line":1,"column":17},"end":{"line":1,"column":36}},"1":{"start":{"line":3,"column":13},"end":{"line":3,"column":58}},"2":{"start":{"line":3,"column":27},"end":{"line":3,"column":58}},"3":{"start":{"line":5,"column":16},"end":{"line":6,"column":46}},"4":{"start":{"line":6,"column":2},"end":{"line":6,"column":46}},"5":{"start":{"line":8,"column":0},"end":{"line":11,"column":2}}},"fnMap":{"0":{"name":"(anonymous_0)","decl":{"start":{"line":3,"column":13},"end":{"line":3,"column":14}},"loc":{"start":{"line":3,"column":27},"end":{"line":3,"column":58}},"line":3},"1":{"name":"(anonymous_1)","decl":{"start":{"line":5,"column":16},"end":{"line":5,"column":17}},"loc":{"start":{"line":6,"column":2},"end":{"line":6,"column":46}},"line":6}},"branchMap":{},"s":{"0":3,"1":3,"2":0,"3":3,"4":0,"5":3},"f":{"0":0,"1":0},"b":{},"_coverageSchema":"1a1c01bbd47fc00a2c39e90264f33305004495a9","hash":"18fc5f694f2121dd9b4a80ca19e6eea5417f1785"}
,"C:\\Users\\Lord Feexz\\Desktop\\phase 3\\Hackpark\\servers\\user\\helpers\\env.js": {"path":"C:\\Users\\Lord Feexz\\Desktop\\phase 3\\Hackpark\\servers\\user\\helpers\\env.js","statementMap":{"0":{"start":{"line":1,"column":12},"end":{"line":8,"column":1}},"1":{"start":{"line":10,"column":0},"end":{"line":10,"column":21}}},"fnMap":{},"branchMap":{},"s":{"0":3,"1":3},"f":{},"b":{},"_coverageSchema":"1a1c01bbd47fc00a2c39e90264f33305004495a9","hash":"85a4841d52f25332049650d29d3672cefe120181"}
,"C:\\Users\\Lord Feexz\\Desktop\\phase 3\\Hackpark\\servers\\user\\helpers\\jwt.js": {"path":"C:\\Users\\Lord Feexz\\Desktop\\phase 3\\Hackpark\\servers\\user\\helpers\\jwt.js","statementMap":{"0":{"start":{"line":1,"column":12},"end":{"line":1,"column":35}},"1":{"start":{"line":2,"column":12},"end":{"line":2,"column":28}},"2":{"start":{"line":3,"column":15},"end":{"line":3,"column":25}},"3":{"start":{"line":5,"column":20},"end":{"line":5,"column":58}},"4":{"start":{"line":5,"column":33},"end":{"line":5,"column":58}},"5":{"start":{"line":7,"column":20},"end":{"line":7,"column":56}},"6":{"start":{"line":7,"column":31},"end":{"line":7,"column":56}},"7":{"start":{"line":9,"column":0},"end":{"line":12,"column":2}}},"fnMap":{"0":{"name":"(anonymous_0)","decl":{"start":{"line":5,"column":20},"end":{"line":5,"column":21}},"loc":{"start":{"line":5,"column":33},"end":{"line":5,"column":58}},"line":5},"1":{"name":"(anonymous_1)","decl":{"start":{"line":7,"column":20},"end":{"line":7,"column":21}},"loc":{"start":{"line":7,"column":31},"end":{"line":7,"column":56}},"line":7}},"branchMap":{},"s":{"0":3,"1":3,"2":3,"3":3,"4":0,"5":3,"6":0,"7":3},"f":{"0":0,"1":0},"b":{},"_coverageSchema":"1a1c01bbd47fc00a2c39e90264f33305004495a9","hash":"42960368c0f693e2dfe48584da2fcc55a0b57139"}
,"C:\\Users\\Lord Feexz\\Desktop\\phase 3\\Hackpark\\servers\\user\\middlewares\\authentication.js": {"path":"C:\\Users\\Lord Feexz\\Desktop\\phase 3\\Hackpark\\servers\\user\\middlewares\\authentication.js","statementMap":{"0":{"start":{"line":1,"column":17},"end":{"line":1,"column":37}},"1":{"start":{"line":2,"column":24},"end":{"line":2,"column":49}},"2":{"start":{"line":4,"column":23},"end":{"line":28,"column":1}},"3":{"start":{"line":5,"column":2},"end":{"line":27,"column":3}},"4":{"start":{"line":6,"column":29},"end":{"line":6,"column":40}},"5":{"start":{"line":7,"column":4},"end":{"line":7,"column":55}},"6":{"start":{"line":7,"column":23},"end":{"line":7,"column":55}},"7":{"start":{"line":9,"column":20},"end":{"line":9,"column":45}},"8":{"start":{"line":11,"column":17},"end":{"line":15,"column":6}},"9":{"start":{"line":16,"column":4},"end":{"line":16,"column":47}},"10":{"start":{"line":16,"column":15},"end":{"line":16,"column":47}},"11":{"start":{"line":18,"column":4},"end":{"line":22,"column":6}},"12":{"start":{"line":24,"column":4},"end":{"line":24,"column":11}},"13":{"start":{"line":26,"column":4},"end":{"line":26,"column":14}},"14":{"start":{"line":30,"column":0},"end":{"line":30,"column":32}}},"fnMap":{"0":{"name":"(anonymous_0)","decl":{"start":{"line":4,"column":23},"end":{"line":4,"column":24}},"loc":{"start":{"line":4,"column":49},"end":{"line":28,"column":1}},"line":4}},"branchMap":{"0":{"loc":{"start":{"line":7,"column":4},"end":{"line":7,"column":55}},"type":"if","locations":[{"start":{"line":7,"column":4},"end":{"line":7,"column":55}},{"start":{},"end":{}}],"line":7},"1":{"loc":{"start":{"line":16,"column":4},"end":{"line":16,"column":47}},"type":"if","locations":[{"start":{"line":16,"column":4},"end":{"line":16,"column":47}},{"start":{},"end":{}}],"line":16}},"s":{"0":3,"1":3,"2":3,"3":4,"4":4,"5":4,"6":4,"7":0,"8":0,"9":0,"10":0,"11":0,"12":0,"13":4,"14":3},"f":{"0":4},"b":{"0":[4,0],"1":[0,0]},"_coverageSchema":"1a1c01bbd47fc00a2c39e90264f33305004495a9","hash":"0b6d958f19e20c9c5fcc7d92c6862e7ef93bfc78"}
,"C:\\Users\\Lord Feexz\\Desktop\\phase 3\\Hackpark\\servers\\user\\middlewares\\errorHandler.js": {"path":"C:\\Users\\Lord Feexz\\Desktop\\phase 3\\Hackpark\\servers\\user\\middlewares\\errorHandler.js","statementMap":{"0":{"start":{"line":1,"column":21},"end":{"line":31,"column":1}},"1":{"start":{"line":2,"column":15},"end":{"line":2,"column":18}},"2":{"start":{"line":3,"column":16},"end":{"line":3,"column":39}},"3":{"start":{"line":5,"column":2},"end":{"line":28,"column":3}},"4":{"start":{"line":9,"column":4},"end":{"line":9,"column":17}},"5":{"start":{"line":10,"column":4},"end":{"line":10,"column":36}},"6":{"start":{"line":11,"column":9},"end":{"line":28,"column":3}},"7":{"start":{"line":12,"column":4},"end":{"line":12,"column":17}},"8":{"start":{"line":13,"column":4},"end":{"line":13,"column":31}},"9":{"start":{"line":14,"column":9},"end":{"line":28,"column":3}},"10":{"start":{"line":15,"column":4},"end":{"line":15,"column":17}},"11":{"start":{"line":16,"column":4},"end":{"line":16,"column":39}},"12":{"start":{"line":17,"column":9},"end":{"line":28,"column":3}},"13":{"start":{"line":18,"column":4},"end":{"line":18,"column":17}},"14":{"start":{"line":19,"column":4},"end":{"line":19,"column":23}},"15":{"start":{"line":20,"column":9},"end":{"line":28,"column":3}},"16":{"start":{"line":21,"column":4},"end":{"line":21,"column":17}},"17":{"start":{"line":22,"column":4},"end":{"line":22,"column":30}},"18":{"start":{"line":23,"column":9},"end":{"line":28,"column":3}},"19":{"start":{"line":24,"column":4},"end":{"line":24,"column":17}},"20":{"start":{"line":25,"column":9},"end":{"line":28,"column":3}},"21":{"start":{"line":26,"column":4},"end":{"line":26,"column":17}},"22":{"start":{"line":27,"column":4},"end":{"line":27,"column":31}},"23":{"start":{"line":30,"column":2},"end":{"line":30,"column":39}},"24":{"start":{"line":33,"column":0},"end":{"line":33,"column":30}}},"fnMap":{"0":{"name":"(anonymous_0)","decl":{"start":{"line":1,"column":21},"end":{"line":1,"column":22}},"loc":{"start":{"line":1,"column":46},"end":{"line":31,"column":1}},"line":1}},"branchMap":{"0":{"loc":{"start":{"line":5,"column":2},"end":{"line":28,"column":3}},"type":"if","locations":[{"start":{"line":5,"column":2},"end":{"line":28,"column":3}},{"start":{"line":11,"column":9},"end":{"line":28,"column":3}}],"line":5},"1":{"loc":{"start":{"line":6,"column":4},"end":{"line":7,"column":48}},"type":"binary-expr","locations":[{"start":{"line":6,"column":4},"end":{"line":6,"column":42}},{"start":{"line":7,"column":4},"end":{"line":7,"column":48}}],"line":6},"2":{"loc":{"start":{"line":11,"column":9},"end":{"line":28,"column":3}},"type":"if","locations":[{"start":{"line":11,"column":9},"end":{"line":28,"column":3}},{"start":{"line":14,"column":9},"end":{"line":28,"column":3}}],"line":11},"3":{"loc":{"start":{"line":14,"column":9},"end":{"line":28,"column":3}},"type":"if","locations":[{"start":{"line":14,"column":9},"end":{"line":28,"column":3}},{"start":{"line":17,"column":9},"end":{"line":28,"column":3}}],"line":14},"4":{"loc":{"start":{"line":17,"column":9},"end":{"line":28,"column":3}},"type":"if","locations":[{"start":{"line":17,"column":9},"end":{"line":28,"column":3}},{"start":{"line":20,"column":9},"end":{"line":28,"column":3}}],"line":17},"5":{"loc":{"start":{"line":20,"column":9},"end":{"line":28,"column":3}},"type":"if","locations":[{"start":{"line":20,"column":9},"end":{"line":28,"column":3}},{"start":{"line":23,"column":9},"end":{"line":28,"column":3}}],"line":20},"6":{"loc":{"start":{"line":20,"column":13},"end":{"line":20,"column":75}},"type":"binary-expr","locations":[{"start":{"line":20,"column":13},"end":{"line":20,"column":40}},{"start":{"line":20,"column":44},"end":{"line":20,"column":75}}],"line":20},"7":{"loc":{"start":{"line":23,"column":9},"end":{"line":28,"column":3}},"type":"if","locations":[{"start":{"line":23,"column":9},"end":{"line":28,"column":3}},{"start":{"line":25,"column":9},"end":{"line":28,"column":3}}],"line":23},"8":{"loc":{"start":{"line":25,"column":9},"end":{"line":28,"column":3}},"type":"if","locations":[{"start":{"line":25,"column":9},"end":{"line":28,"column":3}},{"start":{},"end":{}}],"line":25}},"s":{"0":3,"1":15,"2":15,"3":15,"4":0,"5":0,"6":15,"7":0,"8":0,"9":15,"10":3,"11":3,"12":12,"13":0,"14":0,"15":12,"16":4,"17":4,"18":8,"19":0,"20":8,"21":7,"22":7,"23":15,"24":3},"f":{"0":15},"b":{"0":[0,15],"1":[15,15],"2":[0,15],"3":[3,12],"4":[0,12],"5":[4,8],"6":[12,8],"7":[0,8],"8":[7,1]},"_coverageSchema":"1a1c01bbd47fc00a2c39e90264f33305004495a9","hash":"a95e0dc0384e59da64a00c700776e04ffdf57b79"}
,"C:\\Users\\Lord Feexz\\Desktop\\phase 3\\Hackpark\\servers\\user\\models\\balancehistory.js": {"path":"C:\\Users\\Lord Feexz\\Desktop\\phase 3\\Hackpark\\servers\\user\\models\\balancehistory.js","statementMap":{"0":{"start":{"line":2,"column":18},"end":{"line":2,"column":38}},"1":{"start":{"line":3,"column":0},"end":{"line":32,"column":2}},"2":{"start":{"line":12,"column":6},"end":{"line":14,"column":9}},"3":{"start":{"line":17,"column":2},"end":{"line":29,"column":4}},"4":{"start":{"line":30,"column":2},"end":{"line":30,"column":73}},"5":{"start":{"line":30,"column":39},"end":{"line":30,"column":70}},"6":{"start":{"line":31,"column":2},"end":{"line":31,"column":24}}},"fnMap":{"0":{"name":"(anonymous_0)","decl":{"start":{"line":3,"column":17},"end":{"line":3,"column":18}},"loc":{"start":{"line":3,"column":43},"end":{"line":32,"column":1}},"line":3},"1":{"name":"(anonymous_1)","decl":{"start":{"line":10,"column":4},"end":{"line":10,"column":5}},"loc":{"start":{"line":10,"column":29},"end":{"line":15,"column":5}},"line":10},"2":{"name":"(anonymous_2)","decl":{"start":{"line":30,"column":30},"end":{"line":30,"column":31}},"loc":{"start":{"line":30,"column":39},"end":{"line":30,"column":70}},"line":30}},"branchMap":{},"s":{"0":3,"1":3,"2":3,"3":3,"4":3,"5":0,"6":3},"f":{"0":3,"1":3,"2":0},"b":{},"_coverageSchema":"1a1c01bbd47fc00a2c39e90264f33305004495a9","hash":"2b76742f5b426d44110fdd2898421530816f2972"}
,"C:\\Users\\Lord Feexz\\Desktop\\phase 3\\Hackpark\\servers\\user\\models\\index.js": {"path":"C:\\Users\\Lord Feexz\\Desktop\\phase 3\\Hackpark\\servers\\user\\models\\index.js","statementMap":{"0":{"start":{"line":3,"column":11},"end":{"line":3,"column":24}},"1":{"start":{"line":4,"column":13},"end":{"line":4,"column":28}},"2":{"start":{"line":5,"column":18},"end":{"line":5,"column":38}},"3":{"start":{"line":6,"column":17},"end":{"line":6,"column":42}},"4":{"start":{"line":7,"column":12},"end":{"line":7,"column":49}},"5":{"start":{"line":8,"column":15},"end":{"line":8,"column":65}},"6":{"start":{"line":9,"column":11},"end":{"line":9,"column":13}},"7":{"start":{"line":12,"column":0},"end":{"line":16,"column":1}},"8":{"start":{"line":13,"column":2},"end":{"line":13,"column":74}},"9":{"start":{"line":15,"column":2},"end":{"line":15,"column":87}},"10":{"start":{"line":18,"column":0},"end":{"line":26,"column":5}},"11":{"start":{"line":21,"column":4},"end":{"line":21,"column":90}},"12":{"start":{"line":24,"column":18},"end":{"line":24,"column":85}},"13":{"start":{"line":25,"column":4},"end":{"line":25,"column":27}},"14":{"start":{"line":28,"column":0},"end":{"line":32,"column":3}},"15":{"start":{"line":29,"column":2},"end":{"line":31,"column":3}},"16":{"start":{"line":30,"column":4},"end":{"line":30,"column":32}},"17":{"start":{"line":34,"column":0},"end":{"line":34,"column":25}},"18":{"start":{"line":35,"column":0},"end":{"line":35,"column":25}},"19":{"start":{"line":37,"column":0},"end":{"line":37,"column":20}}},"fnMap":{"0":{"name":"(anonymous_0)","decl":{"start":{"line":20,"column":10},"end":{"line":20,"column":11}},"loc":{"start":{"line":20,"column":18},"end":{"line":22,"column":3}},"line":20},"1":{"name":"(anonymous_1)","decl":{"start":{"line":23,"column":11},"end":{"line":23,"column":12}},"loc":{"start":{"line":23,"column":19},"end":{"line":26,"column":3}},"line":23},"2":{"name":"(anonymous_2)","decl":{"start":{"line":28,"column":24},"end":{"line":28,"column":25}},"loc":{"start":{"line":28,"column":37},"end":{"line":32,"column":1}},"line":28}},"branchMap":{"0":{"loc":{"start":{"line":7,"column":12},"end":{"line":7,"column":49}},"type":"binary-expr","locations":[{"start":{"line":7,"column":12},"end":{"line":7,"column":32}},{"start":{"line":7,"column":36},"end":{"line":7,"column":49}}],"line":7},"1":{"loc":{"start":{"line":12,"column":0},"end":{"line":16,"column":1}},"type":"if","locations":[{"start":{"line":12,"column":0},"end":{"line":16,"column":1}},{"start":{"line":14,"column":7},"end":{"line":16,"column":1}}],"line":12},"2":{"loc":{"start":{"line":21,"column":11},"end":{"line":21,"column":89}},"type":"binary-expr","locations":[{"start":{"line":21,"column":12},"end":{"line":21,"column":35}},{"start":{"line":21,"column":41},"end":{"line":21,"column":58}},{"start":{"line":21,"column":64},"end":{"line":21,"column":88}}],"line":21},"3":{"loc":{"start":{"line":29,"column":2},"end":{"line":31,"column":3}},"type":"if","locations":[{"start":{"line":29,"column":2},"end":{"line":31,"column":3}},{"start":{},"end":{}}],"line":29}},"s":{"0":3,"1":3,"2":3,"3":3,"4":3,"5":3,"6":3,"7":3,"8":0,"9":3,"10":3,"11":12,"12":9,"13":9,"14":3,"15":9,"16":9,"17":3,"18":3,"19":3},"f":{"0":12,"1":9,"2":9},"b":{"0":[3,0],"1":[0,3],"2":[12,12,9],"3":[9,0]},"_coverageSchema":"1a1c01bbd47fc00a2c39e90264f33305004495a9","hash":"06cfa6ce20e0ba8ebc8fc239328aa5f1a1279e62"}
,"C:\\Users\\Lord Feexz\\Desktop\\phase 3\\Hackpark\\servers\\user\\models\\user.js": {"path":"C:\\Users\\Lord Feexz\\Desktop\\phase 3\\Hackpark\\servers\\user\\models\\user.js","statementMap":{"0":{"start":{"line":2,"column":18},"end":{"line":2,"column":38}},"1":{"start":{"line":3,"column":17},"end":{"line":3,"column":45}},"2":{"start":{"line":4,"column":0},"end":{"line":107,"column":2}},"3":{"start":{"line":13,"column":6},"end":{"line":15,"column":9}},"4":{"start":{"line":17,"column":6},"end":{"line":19,"column":9}},"5":{"start":{"line":22,"column":2},"end":{"line":104,"column":4}},"6":{"start":{"line":105,"column":2},"end":{"line":105,"column":63}},"7":{"start":{"line":105,"column":29},"end":{"line":105,"column":60}},"8":{"start":{"line":106,"column":2},"end":{"line":106,"column":14}}},"fnMap":{"0":{"name":"(anonymous_0)","decl":{"start":{"line":4,"column":17},"end":{"line":4,"column":18}},"loc":{"start":{"line":4,"column":43},"end":{"line":107,"column":1}},"line":4},"1":{"name":"(anonymous_1)","decl":{"start":{"line":11,"column":4},"end":{"line":11,"column":5}},"loc":{"start":{"line":11,"column":29},"end":{"line":20,"column":5}},"line":11},"2":{"name":"(anonymous_2)","decl":{"start":{"line":105,"column":20},"end":{"line":105,"column":21}},"loc":{"start":{"line":105,"column":29},"end":{"line":105,"column":60}},"line":105}},"branchMap":{},"s":{"0":3,"1":3,"2":3,"3":3,"4":3,"5":3,"6":3,"7":0,"8":3},"f":{"0":3,"1":3,"2":0},"b":{},"_coverageSchema":"1a1c01bbd47fc00a2c39e90264f33305004495a9","hash":"3476ee0d9b6e9edfd9634d3334afbeb8b3ddc37e"}
,"C:\\Users\\Lord Feexz\\Desktop\\phase 3\\Hackpark\\servers\\user\\models\\vehicle.js": {"path":"C:\\Users\\Lord Feexz\\Desktop\\phase 3\\Hackpark\\servers\\user\\models\\vehicle.js","statementMap":{"0":{"start":{"line":2,"column":18},"end":{"line":2,"column":38}},"1":{"start":{"line":3,"column":0},"end":{"line":63,"column":2}},"2":{"start":{"line":12,"column":6},"end":{"line":14,"column":9}},"3":{"start":{"line":17,"column":2},"end":{"line":61,"column":4}},"4":{"start":{"line":62,"column":2},"end":{"line":62,"column":17}}},"fnMap":{"0":{"name":"(anonymous_0)","decl":{"start":{"line":3,"column":17},"end":{"line":3,"column":18}},"loc":{"start":{"line":3,"column":43},"end":{"line":63,"column":1}},"line":3},"1":{"name":"(anonymous_1)","decl":{"start":{"line":10,"column":4},"end":{"line":10,"column":5}},"loc":{"start":{"line":10,"column":29},"end":{"line":15,"column":5}},"line":10}},"branchMap":{},"s":{"0":3,"1":3,"2":3,"3":3,"4":3},"f":{"0":3,"1":3},"b":{},"_coverageSchema":"1a1c01bbd47fc00a2c39e90264f33305004495a9","hash":"9991ea8a4fd674aae4df806d01d8509a0f5cf023"}
,"C:\\Users\\Lord Feexz\\Desktop\\phase 3\\Hackpark\\servers\\user\\routes\\balanceRouter.js": {"path":"C:\\Users\\Lord Feexz\\Desktop\\phase 3\\Hackpark\\servers\\user\\routes\\balanceRouter.js","statementMap":{"0":{"start":{"line":1,"column":19},"end":{"line":1,"column":62}},"1":{"start":{"line":3,"column":15},"end":{"line":3,"column":42}},"2":{"start":{"line":5,"column":0},"end":{"line":5,"column":39}},"3":{"start":{"line":7,"column":0},"end":{"line":7,"column":24}}},"fnMap":{},"branchMap":{},"s":{"0":3,"1":3,"2":3,"3":3},"f":{},"b":{},"_coverageSchema":"1a1c01bbd47fc00a2c39e90264f33305004495a9","hash":"e5fa3f8eea0828944aa084271d941dec712a10e9"}
,"C:\\Users\\Lord Feexz\\Desktop\\phase 3\\Hackpark\\servers\\user\\routes\\router.js": {"path":"C:\\Users\\Lord Feexz\\Desktop\\phase 3\\Hackpark\\servers\\user\\routes\\router.js","statementMap":{"0":{"start":{"line":1,"column":23},"end":{"line":1,"column":63}},"1":{"start":{"line":2,"column":23},"end":{"line":2,"column":63}},"2":{"start":{"line":3,"column":19},"end":{"line":3,"column":42}},"3":{"start":{"line":4,"column":22},"end":{"line":4,"column":48}},"4":{"start":{"line":5,"column":22},"end":{"line":5,"column":48}},"5":{"start":{"line":7,"column":15},"end":{"line":7,"column":42}},"6":{"start":{"line":9,"column":0},"end":{"line":9,"column":44}},"7":{"start":{"line":11,"column":0},"end":{"line":11,"column":50}},"8":{"start":{"line":13,"column":0},"end":{"line":13,"column":33}},"9":{"start":{"line":15,"column":0},"end":{"line":15,"column":55}},"10":{"start":{"line":17,"column":0},"end":{"line":17,"column":55}},"11":{"start":{"line":19,"column":0},"end":{"line":19,"column":24}}},"fnMap":{},"branchMap":{},"s":{"0":3,"1":3,"2":3,"3":3,"4":3,"5":3,"6":3,"7":3,"8":3,"9":3,"10":3,"11":3},"f":{},"b":{},"_coverageSchema":"1a1c01bbd47fc00a2c39e90264f33305004495a9","hash":"0876ca58d16fd10795b92d92b146d3c06d88324c"}
,"C:\\Users\\Lord Feexz\\Desktop\\phase 3\\Hackpark\\servers\\user\\routes\\userRouter.js": {"path":"C:\\Users\\Lord Feexz\\Desktop\\phase 3\\Hackpark\\servers\\user\\routes\\userRouter.js","statementMap":{"0":{"start":{"line":1,"column":15},"end":{"line":1,"column":42}},"1":{"start":{"line":2,"column":19},"end":{"line":2,"column":59}},"2":{"start":{"line":3,"column":23},"end":{"line":3,"column":63}},"3":{"start":{"line":5,"column":0},"end":{"line":5,"column":40}},"4":{"start":{"line":7,"column":0},"end":{"line":7,"column":47}},"5":{"start":{"line":9,"column":0},"end":{"line":9,"column":27}},"6":{"start":{"line":11,"column":0},"end":{"line":11,"column":38}},"7":{"start":{"line":13,"column":0},"end":{"line":13,"column":59}},"8":{"start":{"line":15,"column":0},"end":{"line":15,"column":49}},"9":{"start":{"line":17,"column":0},"end":{"line":17,"column":39}},"10":{"start":{"line":19,"column":0},"end":{"line":19,"column":24}}},"fnMap":{},"branchMap":{},"s":{"0":3,"1":3,"2":3,"3":3,"4":3,"5":3,"6":3,"7":3,"8":3,"9":3,"10":3},"f":{},"b":{},"_coverageSchema":"1a1c01bbd47fc00a2c39e90264f33305004495a9","hash":"03f85ca231315bb2dd4f014b17333e31fcf5f3dd"}
,"C:\\Users\\Lord Feexz\\Desktop\\phase 3\\Hackpark\\servers\\user\\routes\\vehicleRouter.js": {"path":"C:\\Users\\Lord Feexz\\Desktop\\phase 3\\Hackpark\\servers\\user\\routes\\vehicleRouter.js","statementMap":{"0":{"start":{"line":1,"column":15},"end":{"line":1,"column":42}},"1":{"start":{"line":3,"column":0},"end":{"line":3,"column":24}}},"fnMap":{},"branchMap":{},"s":{"0":3,"1":3},"f":{},"b":{},"_coverageSchema":"1a1c01bbd47fc00a2c39e90264f33305004495a9","hash":"86ed2780874cf482414bbe0952ddb753b1f9e950"}
}
