TN:
SF:app.js
FNF:0
FNH:0
DA:1,3
DA:2,3
DA:3,3
DA:4,3
DA:5,3
DA:6,3
DA:8,3
DA:10,3
DA:12,3
DA:14,3
DA:16,3
DA:18,3
LF:12
LH:12
BRDA:1,0,0,3
BRDA:1,0,1,0
BRF:2
BRH:1
end_of_record
TN:
SF:controllers\authController.js
FN:8,(anonymous_0)
FN:41,(anonymous_1)
FN:78,(anonymous_2)
FNF:3
FNH:2
FNDA:3,(anonymous_0)
FNDA:8,(anonymous_1)
FNDA:0,(anonymous_2)
DA:1,3
DA:2,3
DA:3,3
DA:4,3
DA:5,3
DA:9,3
DA:10,3
DA:12,3
DA:16,3
DA:18,0
DA:20,0
DA:22,0
DA:28,0
DA:30,0
DA:37,3
DA:42,8
DA:43,8
DA:45,8
DA:54,7
DA:55,7
DA:56,0
DA:57,0
DA:59,0
DA:71,0
DA:78,0
DA:79,0
DA:80,0
DA:82,0
DA:86,0
DA:93,0
DA:96,8
DA:100,3
LF:32
LH:17
BRDA:16,0,0,3
BRDA:16,0,1,0
BRDA:20,1,0,0
BRDA:20,1,1,0
BRDA:54,2,0,7
BRDA:54,2,1,0
BRDA:56,3,0,0
BRDA:56,3,1,0
BRDA:79,4,0,0
BRDA:79,4,1,0
BRF:10
BRH:2
end_of_record
TN:
SF:controllers\balanceController.js
FN:4,(anonymous_0)
FNF:1
FNH:0
FNDA:0,(anonymous_0)
DA:1,3
DA:5,0
DA:6,0
DA:8,0
DA:14,0
DA:16,0
DA:21,3
LF:7
LH:2
BRF:0
BRH:0
end_of_record
TN:
SF:controllers\userController.js
FN:4,(anonymous_0)
FN:16,(anonymous_1)
FN:33,(anonymous_2)
FN:51,(anonymous_3)
FN:71,(anonymous_4)
FN:96,(anonymous_5)
FNF:6
FNH:1
FNDA:1,(anonymous_0)
FNDA:0,(anonymous_1)
FNDA:0,(anonymous_2)
FNDA:0,(anonymous_3)
FNDA:0,(anonymous_4)
FNDA:0,(anonymous_5)
DA:1,3
DA:5,1
DA:6,1
DA:10,1
DA:12,0
DA:17,0
DA:18,0
DA:20,0
DA:25,0
DA:27,0
DA:29,0
DA:34,0
DA:35,0
DA:37,0
DA:41,0
DA:43,0
DA:45,0
DA:47,0
DA:52,0
DA:53,0
DA:54,0
DA:55,0
DA:59,0
DA:61,0
DA:63,0
DA:65,0
DA:67,0
DA:72,0
DA:73,0
DA:75,0
DA:79,0
DA:81,0
DA:83,0
DA:92,0
DA:97,0
DA:98,0
DA:100,0
DA:102,0
DA:104,0
DA:106,0
DA:111,3
LF:41
LH:5
BRDA:25,0,0,0
BRDA:25,0,1,0
BRDA:41,1,0,0
BRDA:41,1,1,0
BRDA:59,2,0,0
BRDA:59,2,1,0
BRDA:61,3,0,0
BRDA:61,3,1,0
BRDA:79,4,0,0
BRDA:79,4,1,0
BRF:10
BRH:0
end_of_record
TN:
SF:helpers\bcrypt.js
FN:3,(anonymous_0)
FN:5,(anonymous_1)
FNF:2
FNH:0
FNDA:0,(anonymous_0)
FNDA:0,(anonymous_1)
DA:1,3
DA:3,3
DA:5,3
DA:6,0
DA:8,3
LF:5
LH:4
BRF:0
BRH:0
end_of_record
TN:
SF:helpers\env.js
FNF:0
FNH:0
DA:1,3
DA:10,3
LF:2
LH:2
BRF:0
BRH:0
end_of_record
TN:
SF:helpers\jwt.js
FN:5,(anonymous_0)
FN:7,(anonymous_1)
FNF:2
FNH:0
FNDA:0,(anonymous_0)
FNDA:0,(anonymous_1)
DA:1,3
DA:2,3
DA:3,3
DA:5,3
DA:7,3
DA:9,3
LF:6
LH:6
BRF:0
BRH:0
end_of_record
TN:
SF:middlewares\authentication.js
FN:4,(anonymous_0)
FNF:1
FNH:1
FNDA:4,(anonymous_0)
DA:1,3
DA:2,3
DA:4,3
DA:5,4
DA:6,4
DA:7,4
DA:9,0
DA:11,0
DA:16,0
DA:18,0
DA:24,0
DA:26,4
DA:30,3
LF:13
LH:8
BRDA:7,0,0,4
BRDA:7,0,1,0
BRDA:16,1,0,0
BRDA:16,1,1,0
BRF:4
BRH:1
end_of_record
TN:
SF:middlewares\errorHandler.js
FN:1,(anonymous_0)
FNF:1
FNH:1
FNDA:15,(anonymous_0)
DA:1,3
DA:2,15
DA:3,15
DA:5,15
DA:9,0
DA:10,0
DA:11,15
DA:12,0
DA:13,0
DA:14,15
DA:15,3
DA:16,3
DA:17,12
DA:18,0
DA:19,0
DA:20,12
DA:21,4
DA:22,4
DA:23,8
DA:24,0
DA:25,8
DA:26,7
DA:27,7
DA:30,15
DA:33,3
LF:25
LH:18
BRDA:5,0,0,0
BRDA:5,0,1,15
BRDA:6,1,0,15
BRDA:6,1,1,15
BRDA:11,2,0,0
BRDA:11,2,1,15
BRDA:14,3,0,3
BRDA:14,3,1,12
BRDA:17,4,0,0
BRDA:17,4,1,12
BRDA:20,5,0,4
BRDA:20,5,1,8
BRDA:20,6,0,12
BRDA:20,6,1,8
BRDA:23,7,0,0
BRDA:23,7,1,8
BRDA:25,8,0,7
BRDA:25,8,1,1
BRF:18
BRH:14
end_of_record
TN:
SF:models\balancehistory.js
FN:3,(anonymous_0)
FN:10,(anonymous_1)
FN:30,(anonymous_2)
FNF:3
FNH:2
FNDA:3,(anonymous_0)
FNDA:3,(anonymous_1)
FNDA:0,(anonymous_2)
DA:2,3
DA:3,3
DA:12,3
DA:17,3
DA:30,3
DA:31,3
LF:6
LH:6
BRF:0
BRH:0
end_of_record
TN:
SF:models\index.js
FN:20,(anonymous_0)
FN:23,(anonymous_1)
FN:28,(anonymous_2)
FNF:3
FNH:3
FNDA:12,(anonymous_0)
FNDA:9,(anonymous_1)
FNDA:9,(anonymous_2)
DA:3,3
DA:4,3
DA:5,3
DA:6,3
DA:7,3
DA:8,3
DA:9,3
DA:12,3
DA:13,0
DA:15,3
DA:18,3
DA:21,12
DA:24,9
DA:25,9
DA:28,3
DA:29,9
DA:30,9
DA:34,3
DA:35,3
DA:37,3
LF:20
LH:19
BRDA:7,0,0,3
BRDA:7,0,1,0
BRDA:12,1,0,0
BRDA:12,1,1,3
BRDA:21,2,0,12
BRDA:21,2,1,12
BRDA:21,2,2,9
BRDA:29,3,0,9
BRDA:29,3,1,0
BRF:9
BRH:6
end_of_record
TN:
SF:models\user.js
FN:4,(anonymous_0)
FN:11,(anonymous_1)
FN:105,(anonymous_2)
FNF:3
FNH:2
FNDA:3,(anonymous_0)
FNDA:3,(anonymous_1)
FNDA:0,(anonymous_2)
DA:2,3
DA:3,3
DA:4,3
DA:13,3
DA:17,3
DA:22,3
DA:105,3
DA:106,3
LF:8
LH:8
BRF:0
BRH:0
end_of_record
TN:
SF:models\vehicle.js
FN:3,(anonymous_0)
FN:10,(anonymous_1)
FNF:2
FNH:2
FNDA:3,(anonymous_0)
FNDA:3,(anonymous_1)
DA:2,3
DA:3,3
DA:12,3
DA:17,3
DA:62,3
LF:5
LH:5
BRF:0
BRH:0
end_of_record
TN:
SF:routes\balanceRouter.js
FNF:0
FNH:0
DA:1,3
DA:3,3
DA:5,3
DA:7,3
LF:4
LH:4
BRF:0
BRH:0
end_of_record
TN:
SF:routes\router.js
FNF:0
FNH:0
DA:1,3
DA:2,3
DA:3,3
DA:4,3
DA:5,3
DA:7,3
DA:9,3
DA:11,3
DA:13,3
DA:15,3
DA:17,3
DA:19,3
LF:12
LH:12
BRF:0
BRH:0
end_of_record
TN:
SF:routes\userRouter.js
FNF:0
FNH:0
DA:1,3
DA:2,3
DA:3,3
DA:5,3
DA:7,3
DA:9,3
DA:11,3
DA:13,3
DA:15,3
DA:17,3
DA:19,3
LF:11
LH:11
BRF:0
BRH:0
end_of_record
TN:
SF:routes\vehicleRouter.js
FNF:0
FNH:0
DA:1,3
DA:3,3
LF:2
LH:2
BRF:0
BRH:0
end_of_record
